{"uuid":"98b33540-4599-4632-8295-a0c1aa3fcf2c","historyId":"b7e0de209347316c2a31516ed812ed53","testCaseId":"6c1d47176fc7e820d56520fa2d36b6d2","fullName":"src/test/resources/features/SignIn.feature:16","labels":[{"name":"tag","value":"SignIn"},{"name":"host","value":"DESKTOP-KHFPL78"},{"name":"thread","value":"28104@DESKTOP-KHFPL78.main(1)"},{"name":"feature","value":"Sign In"},{"name":"story","value":"User attempts to sign in"},{"name":"suite","value":"Sign In"},{"name":"testClass","value":"User attempts to sign in"},{"name":"framework","value":"cucumber4jvm"},{"name":"language","value":"java"},{"name":"gherkin_uri","value":"file:///C:/Users/Administrator/eclipse-workspace/Capstone/src/test/resources/features/SignIn.feature"},{"name":"package","value":"src.test.resources.features.SignIn_feature.Sign In"}],"links":[],"name":"User attempts to sign in","status":"failed","statusDetails":{"known":false,"muted":false,"flaky":false,"message":"Expected user to be logged in, but they are not. expected [true] but found [false]","trace":"java.lang.AssertionError: Expected user to be logged in, but they are not. expected [true] but found [false]\r\n\tat org.testng.Assert.fail(Assert.java:110)\r\n\tat org.testng.Assert.failNotEquals(Assert.java:1577)\r\n\tat org.testng.Assert.assertTrue(Assert.java:56)\r\n\tat stepdefinition.SignInSteps.i_should_see_a_login_outcome(SignInSteps.java:57)\r\n\tat ✽.I should see a \"success\" login outcome(file:///C:/Users/Administrator/eclipse-workspace/Capstone/src/test/resources/features/SignIn.feature:12)\r\n"},"stage":"finished","steps":[{"name":"Given I open the application home page","status":"passed","statusDetails":{"known":false,"muted":false,"flaky":false},"stage":"finished","steps":[],"attachments":[],"parameters":[],"start":1742016814221,"stop":1742016819651},{"name":"When I click on the \"Login\" link","status":"passed","statusDetails":{"known":false,"muted":false,"flaky":false},"stage":"finished","steps":[],"attachments":[],"parameters":[],"start":1742016819654,"stop":1742016821368},{"name":"And I enter username \"user1@mail.com\" and password \"2525Yash@\"","status":"passed","statusDetails":{"known":false,"muted":false,"flaky":false},"stage":"finished","steps":[],"attachments":[],"parameters":[],"start":1742016821370,"stop":1742016822709},{"name":"Then I should see a \"success\" login outcome","status":"failed","statusDetails":{"known":false,"muted":false,"flaky":false,"message":"Expected user to be logged in, but they are not. expected [true] but found [false]","trace":"java.lang.AssertionError: Expected user to be logged in, but they are not. expected [true] but found [false]\r\n\tat org.testng.Assert.fail(Assert.java:110)\r\n\tat org.testng.Assert.failNotEquals(Assert.java:1577)\r\n\tat org.testng.Assert.assertTrue(Assert.java:56)\r\n\tat stepdefinition.SignInSteps.i_should_see_a_login_outcome(SignInSteps.java:57)\r\n\tat ✽.I should see a \"success\" login outcome(file:///C:/Users/Administrator/eclipse-workspace/Capstone/src/test/resources/features/SignIn.feature:12)\r\n"},"stage":"finished","steps":[],"attachments":[],"parameters":[],"start":1742016822712,"stop":1742016822774}],"attachments":[],"parameters":[{"name":"username","value":"user1@mail.com"},{"name":"password","value":"2525Yash@"},{"name":"result","value":"success"}],"start":1742016806982,"stop":1742016823683}